2015-12-03 13:48:23,068 - Log4JLogChute initialized using file 'velocity.log'
2015-12-03 13:48:23,068 - Velocity was not initialized! Calling init()...
2015-12-03 13:48:23,068 - Starting Apache Velocity v1.5 (compiled: 2007-02-22 08:52:29)
2015-12-03 13:48:23,068 - Default Properties File: org/apache/velocity/runtime/defaults/velocity.properties
2015-12-03 13:48:23,069 - Trying to use logger class org.apache.velocity.runtime.log.AvalonLogChute
2015-12-03 13:48:23,070 - Couldn't find class org.apache.velocity.runtime.log.AvalonLogChute or necessary supporting classes in classpath.
java.lang.NoClassDefFoundError: org/apache/log/format/Formatter
	at java.lang.Class.forName0(Native Method)
	at java.lang.Class.forName(Class.java:274)
	at org.apache.velocity.util.ClassUtils.getClass(ClassUtils.java:63)
	at org.apache.velocity.util.ClassUtils.getNewInstance(ClassUtils.java:95)
	at org.apache.velocity.runtime.log.LogManager.createLogChute(LogManager.java:147)
	at org.apache.velocity.runtime.log.LogManager.updateLog(LogManager.java:208)
	at org.apache.velocity.runtime.RuntimeInstance.initializeLog(RuntimeInstance.java:728)
	at org.apache.velocity.runtime.RuntimeInstance.init(RuntimeInstance.java:240)
	at org.apache.velocity.runtime.RuntimeInstance.parse(RuntimeInstance.java:993)
	at org.apache.velocity.runtime.RuntimeInstance.parse(RuntimeInstance.java:972)
	at org.apache.velocity.runtime.RuntimeSingleton.parse(RuntimeSingleton.java:265)
	at org.apache.velocity.app.Velocity.evaluate(Velocity.java:274)
	at org.sonatype.mavenbook.weather.WeatherFormatter.format(WeatherFormatter.java:23)
	at org.sonatype.mavenbook.weather.Main.start(Main.java:41)
	at org.sonatype.mavenbook.weather.Main.main(Main.java:24)
	at sun.reflect.NativeMethodAccessorImpl.invoke0(Native Method)
	at sun.reflect.NativeMethodAccessorImpl.invoke(NativeMethodAccessorImpl.java:57)
	at sun.reflect.DelegatingMethodAccessorImpl.invoke(DelegatingMethodAccessorImpl.java:43)
	at java.lang.reflect.Method.invoke(Method.java:606)
	at org.codehaus.mojo.exec.ExecJavaMojo$1.run(ExecJavaMojo.java:293)
	at java.lang.Thread.run(Thread.java:745)
Caused by: java.lang.ClassNotFoundException: org.apache.log.format.Formatter
	at java.net.URLClassLoader$1.run(URLClassLoader.java:366)
	at java.net.URLClassLoader$1.run(URLClassLoader.java:355)
	at java.security.AccessController.doPrivileged(Native Method)
	at java.net.URLClassLoader.findClass(URLClassLoader.java:354)
	at java.lang.ClassLoader.loadClass(ClassLoader.java:425)
	at java.lang.ClassLoader.loadClass(ClassLoader.java:358)
	... 21 more
2015-12-03 13:48:23,071 - Trying to use logger class org.apache.velocity.runtime.log.Log4JLogChute
2015-12-03 13:48:23,071 - Using logger class org.apache.velocity.runtime.log.Log4JLogChute
2015-12-03 13:48:23,074 - Default ResourceManager initializing. (class org.apache.velocity.runtime.resource.ResourceManagerImpl)
2015-12-03 13:48:23,077 - ResourceLoader instantiated: org.apache.velocity.runtime.resource.loader.FileResourceLoader
2015-12-03 13:48:23,078 - Do unicode file recognition:  false
2015-12-03 13:48:23,078 - FileResourceLoader : adding path '.'
2015-12-03 13:48:23,121 - ResourceCache: initialized (class org.apache.velocity.runtime.resource.ResourceCacheImpl)
2015-12-03 13:48:23,122 - Loaded System Directive: org.apache.velocity.runtime.directive.Literal
2015-12-03 13:48:23,123 - Loaded System Directive: org.apache.velocity.runtime.directive.Macro
2015-12-03 13:48:23,125 - Loaded System Directive: org.apache.velocity.runtime.directive.Parse
2015-12-03 13:48:23,126 - Loaded System Directive: org.apache.velocity.runtime.directive.Include
2015-12-03 13:48:23,127 - Loaded System Directive: org.apache.velocity.runtime.directive.Foreach
2015-12-03 13:48:23,154 - Created '20' parsers.
2015-12-03 13:48:23,160 - Velocimacro : "velocimacro.library" is not set.  Trying default library: VM_global_library.vm
2015-12-03 13:48:23,160 - Velocimacro : Default library not found.
2015-12-03 13:48:23,160 - Velocimacro : allowInline = true : VMs can be defined inline in templates
2015-12-03 13:48:23,160 - Velocimacro : allowInlineToOverride = false : VMs defined inline may NOT replace previous VM definitions
2015-12-03 13:48:23,160 - Velocimacro : allowInlineLocal = false : VMs defined inline will be global in scope if allowed.
2015-12-03 13:48:23,160 - Velocimacro : autoload off : VM system will not automatically reload global library macros
2015-12-03 13:48:48,845 - Log4JLogChute initialized using file 'velocity.log'
2015-12-03 13:48:48,845 - Velocity was not initialized! Calling init()...
2015-12-03 13:48:48,845 - Starting Apache Velocity v1.5 (compiled: 2007-02-22 08:52:29)
2015-12-03 13:48:48,845 - Default Properties File: org/apache/velocity/runtime/defaults/velocity.properties
2015-12-03 13:48:48,845 - Trying to use logger class org.apache.velocity.runtime.log.AvalonLogChute
2015-12-03 13:48:48,847 - Couldn't find class org.apache.velocity.runtime.log.AvalonLogChute or necessary supporting classes in classpath.
java.lang.NoClassDefFoundError: org/apache/log/format/Formatter
	at java.lang.Class.forName0(Native Method)
	at java.lang.Class.forName(Class.java:274)
	at org.apache.velocity.util.ClassUtils.getClass(ClassUtils.java:63)
	at org.apache.velocity.util.ClassUtils.getNewInstance(ClassUtils.java:95)
	at org.apache.velocity.runtime.log.LogManager.createLogChute(LogManager.java:147)
	at org.apache.velocity.runtime.log.LogManager.updateLog(LogManager.java:208)
	at org.apache.velocity.runtime.RuntimeInstance.initializeLog(RuntimeInstance.java:728)
	at org.apache.velocity.runtime.RuntimeInstance.init(RuntimeInstance.java:240)
	at org.apache.velocity.runtime.RuntimeInstance.parse(RuntimeInstance.java:993)
	at org.apache.velocity.runtime.RuntimeInstance.parse(RuntimeInstance.java:972)
	at org.apache.velocity.runtime.RuntimeSingleton.parse(RuntimeSingleton.java:265)
	at org.apache.velocity.app.Velocity.evaluate(Velocity.java:274)
	at org.sonatype.mavenbook.weather.WeatherFormatter.format(WeatherFormatter.java:23)
	at org.sonatype.mavenbook.weather.Main.start(Main.java:41)
	at org.sonatype.mavenbook.weather.Main.main(Main.java:24)
	at sun.reflect.NativeMethodAccessorImpl.invoke0(Native Method)
	at sun.reflect.NativeMethodAccessorImpl.invoke(NativeMethodAccessorImpl.java:57)
	at sun.reflect.DelegatingMethodAccessorImpl.invoke(DelegatingMethodAccessorImpl.java:43)
	at java.lang.reflect.Method.invoke(Method.java:606)
	at org.codehaus.mojo.exec.ExecJavaMojo$1.run(ExecJavaMojo.java:293)
	at java.lang.Thread.run(Thread.java:745)
Caused by: java.lang.ClassNotFoundException: org.apache.log.format.Formatter
	at java.net.URLClassLoader$1.run(URLClassLoader.java:366)
	at java.net.URLClassLoader$1.run(URLClassLoader.java:355)
	at java.security.AccessController.doPrivileged(Native Method)
	at java.net.URLClassLoader.findClass(URLClassLoader.java:354)
	at java.lang.ClassLoader.loadClass(ClassLoader.java:425)
	at java.lang.ClassLoader.loadClass(ClassLoader.java:358)
	... 21 more
2015-12-03 13:48:48,849 - Trying to use logger class org.apache.velocity.runtime.log.Log4JLogChute
2015-12-03 13:48:48,850 - Using logger class org.apache.velocity.runtime.log.Log4JLogChute
2015-12-03 13:48:48,852 - Default ResourceManager initializing. (class org.apache.velocity.runtime.resource.ResourceManagerImpl)
2015-12-03 13:48:48,856 - ResourceLoader instantiated: org.apache.velocity.runtime.resource.loader.FileResourceLoader
2015-12-03 13:48:48,858 - Do unicode file recognition:  false
2015-12-03 13:48:48,858 - FileResourceLoader : adding path '.'
2015-12-03 13:48:48,874 - ResourceCache: initialized (class org.apache.velocity.runtime.resource.ResourceCacheImpl)
2015-12-03 13:48:48,876 - Loaded System Directive: org.apache.velocity.runtime.directive.Literal
2015-12-03 13:48:48,877 - Loaded System Directive: org.apache.velocity.runtime.directive.Macro
2015-12-03 13:48:48,879 - Loaded System Directive: org.apache.velocity.runtime.directive.Parse
2015-12-03 13:48:48,881 - Loaded System Directive: org.apache.velocity.runtime.directive.Include
2015-12-03 13:48:48,882 - Loaded System Directive: org.apache.velocity.runtime.directive.Foreach
2015-12-03 13:48:48,914 - Created '20' parsers.
2015-12-03 13:48:48,920 - Velocimacro : "velocimacro.library" is not set.  Trying default library: VM_global_library.vm
2015-12-03 13:48:48,920 - Velocimacro : Default library not found.
2015-12-03 13:48:48,920 - Velocimacro : allowInline = true : VMs can be defined inline in templates
2015-12-03 13:48:48,921 - Velocimacro : allowInlineToOverride = false : VMs defined inline may NOT replace previous VM definitions
2015-12-03 13:48:48,921 - Velocimacro : allowInlineLocal = false : VMs defined inline will be global in scope if allowed.
2015-12-03 13:48:48,921 - Velocimacro : autoload off : VM system will not automatically reload global library macros
2015-12-03 13:50:49,678 - Log4JLogChute initialized using file 'velocity.log'
2015-12-03 13:50:49,678 - Velocity was not initialized! Calling init()...
2015-12-03 13:50:49,678 - Starting Apache Velocity v1.5 (compiled: 2007-02-22 08:52:29)
2015-12-03 13:50:49,678 - Default Properties File: org/apache/velocity/runtime/defaults/velocity.properties
2015-12-03 13:50:49,678 - Trying to use logger class org.apache.velocity.runtime.log.AvalonLogChute
2015-12-03 13:50:49,680 - Couldn't find class org.apache.velocity.runtime.log.AvalonLogChute or necessary supporting classes in classpath.
java.lang.NoClassDefFoundError: org/apache/log/format/Formatter
	at java.lang.Class.forName0(Native Method)
	at java.lang.Class.forName(Class.java:274)
	at org.apache.velocity.util.ClassUtils.getClass(ClassUtils.java:63)
	at org.apache.velocity.util.ClassUtils.getNewInstance(ClassUtils.java:95)
	at org.apache.velocity.runtime.log.LogManager.createLogChute(LogManager.java:147)
	at org.apache.velocity.runtime.log.LogManager.updateLog(LogManager.java:208)
	at org.apache.velocity.runtime.RuntimeInstance.initializeLog(RuntimeInstance.java:728)
	at org.apache.velocity.runtime.RuntimeInstance.init(RuntimeInstance.java:240)
	at org.apache.velocity.runtime.RuntimeInstance.parse(RuntimeInstance.java:993)
	at org.apache.velocity.runtime.RuntimeInstance.parse(RuntimeInstance.java:972)
	at org.apache.velocity.runtime.RuntimeSingleton.parse(RuntimeSingleton.java:265)
	at org.apache.velocity.app.Velocity.evaluate(Velocity.java:274)
	at org.sonatype.mavenbook.weather.WeatherFormatter.format(WeatherFormatter.java:23)
	at org.sonatype.mavenbook.weather.Main.start(Main.java:41)
	at org.sonatype.mavenbook.weather.Main.main(Main.java:24)
	at sun.reflect.NativeMethodAccessorImpl.invoke0(Native Method)
	at sun.reflect.NativeMethodAccessorImpl.invoke(NativeMethodAccessorImpl.java:57)
	at sun.reflect.DelegatingMethodAccessorImpl.invoke(DelegatingMethodAccessorImpl.java:43)
	at java.lang.reflect.Method.invoke(Method.java:606)
	at org.codehaus.mojo.exec.ExecJavaMojo$1.run(ExecJavaMojo.java:293)
	at java.lang.Thread.run(Thread.java:745)
Caused by: java.lang.ClassNotFoundException: org.apache.log.format.Formatter
	at java.net.URLClassLoader$1.run(URLClassLoader.java:366)
	at java.net.URLClassLoader$1.run(URLClassLoader.java:355)
	at java.security.AccessController.doPrivileged(Native Method)
	at java.net.URLClassLoader.findClass(URLClassLoader.java:354)
	at java.lang.ClassLoader.loadClass(ClassLoader.java:425)
	at java.lang.ClassLoader.loadClass(ClassLoader.java:358)
	... 21 more
2015-12-03 13:50:49,681 - Trying to use logger class org.apache.velocity.runtime.log.Log4JLogChute
2015-12-03 13:50:49,681 - Using logger class org.apache.velocity.runtime.log.Log4JLogChute
2015-12-03 13:50:49,683 - Default ResourceManager initializing. (class org.apache.velocity.runtime.resource.ResourceManagerImpl)
2015-12-03 13:50:49,686 - ResourceLoader instantiated: org.apache.velocity.runtime.resource.loader.FileResourceLoader
2015-12-03 13:50:49,687 - Do unicode file recognition:  false
2015-12-03 13:50:49,687 - FileResourceLoader : adding path '.'
2015-12-03 13:50:49,698 - ResourceCache: initialized (class org.apache.velocity.runtime.resource.ResourceCacheImpl)
2015-12-03 13:50:49,699 - Loaded System Directive: org.apache.velocity.runtime.directive.Literal
2015-12-03 13:50:49,701 - Loaded System Directive: org.apache.velocity.runtime.directive.Macro
2015-12-03 13:50:49,702 - Loaded System Directive: org.apache.velocity.runtime.directive.Parse
2015-12-03 13:50:49,703 - Loaded System Directive: org.apache.velocity.runtime.directive.Include
2015-12-03 13:50:49,704 - Loaded System Directive: org.apache.velocity.runtime.directive.Foreach
2015-12-03 13:50:49,730 - Created '20' parsers.
2015-12-03 13:50:49,736 - Velocimacro : "velocimacro.library" is not set.  Trying default library: VM_global_library.vm
2015-12-03 13:50:49,736 - Velocimacro : Default library not found.
2015-12-03 13:50:49,736 - Velocimacro : allowInline = true : VMs can be defined inline in templates
2015-12-03 13:50:49,736 - Velocimacro : allowInlineToOverride = false : VMs defined inline may NOT replace previous VM definitions
2015-12-03 13:50:49,736 - Velocimacro : allowInlineLocal = false : VMs defined inline will be global in scope if allowed.
2015-12-03 13:50:49,736 - Velocimacro : autoload off : VM system will not automatically reload global library macros
